{"level":"info","message":"Preferred port 8000 is available","timestamp":"2025-07-04T18:58:30.937Z"}
{"level":"info","message":"Preferred port 8000 is available","timestamp":"2025-07-04T18:58:30.970Z"}
{"level":"info","message":"Preferred port 8000 is available","timestamp":"2025-07-04T19:16:15.513Z"}
{"level":"info","message":"Preferred port 8000 is available","timestamp":"2025-07-04T19:16:15.515Z"}
{"level":"info","message":"Preferred port 8000 is available","timestamp":"2025-07-04T19:16:20.740Z"}
{"level":"warn","message":"Preferred port 8000 is not available, trying fallback ports...","timestamp":"2025-07-04T19:16:21.743Z"}
{"level":"info","message":"Found available port: 8003","timestamp":"2025-07-04T19:16:21.744Z"}
{"level":"warn","message":"Preferred port 8002 is not available, trying fallback ports...","timestamp":"2025-07-04T19:20:43.313Z"}
{"level":"info","message":"Found available port: 8003","timestamp":"2025-07-04T19:20:43.315Z"}
{"level":"warn","message":"Preferred port 8002 is not available, trying fallback ports...","timestamp":"2025-07-04T19:20:43.316Z"}
{"level":"info","message":"Found available port: 8003","timestamp":"2025-07-04T19:20:43.316Z"}
{"level":"warn","message":"Preferred port 8002 is not available, trying fallback ports...","timestamp":"2025-07-04T19:21:05.470Z"}
{"level":"info","message":"Found available port: 8003","timestamp":"2025-07-04T19:21:05.477Z"}
{"level":"warn","message":"Preferred port 8002 is not available, trying fallback ports...","timestamp":"2025-07-04T19:21:05.478Z"}
{"level":"info","message":"Found available port: 8003","timestamp":"2025-07-04T19:21:05.480Z"}
{"level":"error","message":"Database connection failed: SASL: SCRAM-SERVER-FIRST-MESSAGE: client password must be a string","stack":"Error: SASL: SCRAM-SERVER-FIRST-MESSAGE: client password must be a string\n    at /Users/mac-guest1/Downloads/Git/yzcmfInterview/ProjectExp/autoProjectBuilder/autoProject/auto_project_1_friend_social_platform/node_modules/pg-pool/index.js:45:11\n    at processTicksAndRejections (node:internal/process/task_queues:95:5)\n    at async connectDatabase (/Users/mac-guest1/Downloads/Git/yzcmfInterview/ProjectExp/autoProjectBuilder/autoProject/auto_project_1_friend_social_platform/backend/src/config/database.ts:16:20)\n    at async startServer (/Users/mac-guest1/Downloads/Git/yzcmfInterview/ProjectExp/autoProjectBuilder/autoProject/auto_project_1_friend_social_platform/backend/src/server.ts:115:5)","timestamp":"2025-07-04T19:41:20.989Z"}
{"level":"info","message":"Database connected successfully","timestamp":"2025-07-04T19:41:21.938Z"}
{"level":"info","message":"Database connected successfully","timestamp":"2025-07-04T19:41:21.940Z"}
{"level":"info","message":"Redis connected successfully","timestamp":"2025-07-04T19:41:21.948Z"}
{"level":"info","message":"Redis connected successfully","timestamp":"2025-07-04T19:41:21.955Z"}
{"level":"info","message":"Database connected successfully","timestamp":"2025-07-04T19:42:13.555Z"}
{"level":"info","message":"Database connected successfully","timestamp":"2025-07-04T19:42:13.559Z"}
{"level":"info","message":"Redis connected successfully","timestamp":"2025-07-04T19:42:13.579Z"}
{"level":"info","message":"Redis connected successfully","timestamp":"2025-07-04T19:42:13.604Z"}
{"level":"error","message":"Database connection failed: SASL: SCRAM-SERVER-FIRST-MESSAGE: client password must be a string","stack":"Error: SASL: SCRAM-SERVER-FIRST-MESSAGE: client password must be a string\n    at /Users/mac-guest1/Downloads/Git/yzcmfInterview/ProjectExp/autoProjectBuilder/autoProject/auto_project_1_friend_social_platform/node_modules/pg-pool/index.js:45:11\n    at processTicksAndRejections (node:internal/process/task_queues:95:5)\n    at async connectDatabase (/Users/mac-guest1/Downloads/Git/yzcmfInterview/ProjectExp/autoProjectBuilder/autoProject/auto_project_1_friend_social_platform/backend/src/config/database.ts:16:20)\n    at async startServer (/Users/mac-guest1/Downloads/Git/yzcmfInterview/ProjectExp/autoProjectBuilder/autoProject/auto_project_1_friend_social_platform/backend/src/server.ts:115:5)","timestamp":"2025-07-04T19:42:29.337Z"}
{"level":"info","message":"Database connected successfully","timestamp":"2025-07-04T19:42:30.238Z"}
{"level":"info","message":"Database connected successfully","timestamp":"2025-07-04T19:42:30.239Z"}
{"level":"info","message":"Redis connected successfully","timestamp":"2025-07-04T19:42:30.245Z"}
{"level":"info","message":"Redis connected successfully","timestamp":"2025-07-04T19:42:30.246Z"}
{"level":"info","message":"Preferred port 8002 is available","timestamp":"2025-07-04T19:42:30.249Z"}
{"level":"info","message":"Server started successfully on port 8002","timestamp":"2025-07-04T19:42:30.249Z"}
{"level":"info","message":"Server running on port 8002","timestamp":"2025-07-04T19:42:30.249Z"}
{"level":"info","message":"Environment: development","timestamp":"2025-07-04T19:42:30.250Z"}
{"level":"info","message":"SIGTERM received, shutting down gracefully","timestamp":"2025-07-04T19:42:52.355Z"}
{"level":"info","message":"Process terminated","timestamp":"2025-07-04T19:42:52.376Z"}
{"level":"info","message":"SIGINT received, shutting down gracefully","timestamp":"2025-07-04T19:42:52.378Z"}
{"level":"info","message":"Process terminated","timestamp":"2025-07-04T19:42:52.383Z"}
{"level":"info","message":"SIGINT received, shutting down gracefully","timestamp":"2025-07-04T19:42:52.384Z"}
{"level":"info","message":"Process terminated","timestamp":"2025-07-04T19:42:52.385Z"}
{"level":"info","message":"Database connected successfully","timestamp":"2025-07-04T19:43:06.923Z"}
{"level":"info","message":"Database connected successfully","timestamp":"2025-07-04T19:43:06.927Z"}
{"level":"info","message":"Redis connected successfully","timestamp":"2025-07-04T19:43:06.961Z"}
{"level":"info","message":"Redis connected successfully","timestamp":"2025-07-04T19:43:06.970Z"}
{"level":"info","message":"Preferred port 8002 is available","timestamp":"2025-07-04T19:43:06.976Z"}
{"level":"info","message":"Server started successfully on port 8002","timestamp":"2025-07-04T19:43:06.977Z"}
{"level":"info","message":"Server running on port 8002","timestamp":"2025-07-04T19:43:06.978Z"}
{"level":"info","message":"Environment: development","timestamp":"2025-07-04T19:43:06.979Z"}
